Flat profile:

Each sample counts as 0.01 seconds.
 no time accumulated

  %   cumulative   self              self     total           
 time   seconds   seconds    calls  Ts/call  Ts/call  name    
  0.00      0.00     0.00        4     0.00     0.00  __gnu_cxx::new_allocator<int>::~new_allocator()
  0.00      0.00     0.00        4     0.00     0.00  std::allocator<int>::~allocator()
  0.00      0.00     0.00        4     0.00     0.00  std::_Vector_base<int, std::allocator<int> >::_M_get_Tp_allocator()
  0.00      0.00     0.00        3     0.00     0.00  __gnu_cxx::new_allocator<int>::new_allocator(__gnu_cxx::new_allocator<int> const&)
  0.00      0.00     0.00        3     0.00     0.00  std::vector<int, std::allocator<int> >::size() const
  0.00      0.00     0.00        3     0.00     0.00  std::allocator<int>::allocator(std::allocator<int> const&)
  0.00      0.00     0.00        3     0.00     0.00  std::vector<int, std::allocator<int> >::operator[](unsigned long)
  0.00      0.00     0.00        2     0.00     0.00  __gnu_cxx::new_allocator<int>::_M_max_size() const
  0.00      0.00     0.00        2     0.00     0.00  std::initializer_list<int>::begin() const
  0.00      0.00     0.00        2     0.00     0.00  void std::_Destroy_aux<true>::__destroy<int*>(int*, int*)
  0.00      0.00     0.00        2     0.00     0.00  std::_Vector_base<int, std::allocator<int> >::_Vector_impl::~_Vector_impl()
  0.00      0.00     0.00        2     0.00     0.00  std::_Vector_base<int, std::allocator<int> >::_M_deallocate(int*, unsigned long)
  0.00      0.00     0.00        2     0.00     0.00  std::_Vector_base<int, std::allocator<int> >::~_Vector_base()
  0.00      0.00     0.00        2     0.00     0.00  std::vector<int, std::allocator<int> >::~vector()
  0.00      0.00     0.00        2     0.00     0.00  int const* std::__miter_base<int const*>(int const*)
  0.00      0.00     0.00        2     0.00     0.00  int const* std::__niter_base<int const*>(int const*)
  0.00      0.00     0.00        2     0.00     0.00  std::remove_reference<std::_Vector_base<int, std::allocator<int> >::_Vector_impl&>::type&& std::move<std::_Vector_base<int, std::allocator<int> >::_Vector_impl&>(std::_Vector_base<int, std::allocator<int> >::_Vector_impl&)
  0.00      0.00     0.00        2     0.00     0.00  void std::_Destroy<int*>(int*, int*)
  0.00      0.00     0.00        2     0.00     0.00  void std::_Destroy<int*, int>(int*, int*, std::allocator<int>&)
  0.00      0.00     0.00        1     0.00     0.00  factorialRecursiveAlgorithm(long)
  0.00      0.00     0.00        1     0.00     0.00  __static_initialization_and_destruction_0(int, int)
  0.00      0.00     0.00        1     0.00     0.00  multiply(long, std::vector<int, std::allocator<int> >)
  0.00      0.00     0.00        1     0.00     0.00  __gnu_cxx::new_allocator<int>::deallocate(int*, unsigned long)
  0.00      0.00     0.00        1     0.00     0.00  __gnu_cxx::new_allocator<int>::allocate(unsigned long, void const*)
  0.00      0.00     0.00        1     0.00     0.00  __gnu_cxx::new_allocator<int>::new_allocator()
  0.00      0.00     0.00        1     0.00     0.00  __gnu_cxx::new_allocator<int>::max_size() const
  0.00      0.00     0.00        1     0.00     0.00  std::initializer_list<int>::end() const
  0.00      0.00     0.00        1     0.00     0.00  std::initializer_list<int>::size() const
  0.00      0.00     0.00        1     0.00     0.00  std::allocator<int>::allocator()
  0.00      0.00     0.00        1     0.00     0.00  int* std::__copy_move<false, true, std::random_access_iterator_tag>::__copy_m<int>(int const*, int const*, int*)
  0.00      0.00     0.00        1     0.00     0.00  std::_Vector_base<int, std::allocator<int> >::_M_allocate(unsigned long)
  0.00      0.00     0.00        1     0.00     0.00  std::_Vector_base<int, std::allocator<int> >::_Vector_impl::_Vector_impl(std::_Vector_base<int, std::allocator<int> >::_Vector_impl&&)
  0.00      0.00     0.00        1     0.00     0.00  std::_Vector_base<int, std::allocator<int> >::_Vector_impl::_Vector_impl(std::allocator<int> const&)
  0.00      0.00     0.00        1     0.00     0.00  std::_Vector_base<int, std::allocator<int> >::_Vector_impl_data::_Vector_impl_data(std::_Vector_base<int, std::allocator<int> >::_Vector_impl_data&&)
  0.00      0.00     0.00        1     0.00     0.00  std::_Vector_base<int, std::allocator<int> >::_Vector_impl_data::_Vector_impl_data()
  0.00      0.00     0.00        1     0.00     0.00  std::_Vector_base<int, std::allocator<int> >::_Vector_base(std::_Vector_base<int, std::allocator<int> >&&)
  0.00      0.00     0.00        1     0.00     0.00  std::_Vector_base<int, std::allocator<int> >::_Vector_base(std::allocator<int> const&)
  0.00      0.00     0.00        1     0.00     0.00  std::allocator_traits<std::allocator<int> >::deallocate(std::allocator<int>&, int*, unsigned long)
  0.00      0.00     0.00        1     0.00     0.00  std::allocator_traits<std::allocator<int> >::allocate(std::allocator<int>&, unsigned long)
  0.00      0.00     0.00        1     0.00     0.00  std::allocator_traits<std::allocator<int> >::max_size(std::allocator<int> const&)
  0.00      0.00     0.00        1     0.00     0.00  int* std::__uninitialized_copy<true>::__uninit_copy<int const*, int*>(int const*, int const*, int*)
  0.00      0.00     0.00        1     0.00     0.00  std::vector<int, std::allocator<int> >::_S_max_size(std::allocator<int> const&)
  0.00      0.00     0.00        1     0.00     0.00  std::vector<int, std::allocator<int> >::_S_check_init_len(unsigned long, std::allocator<int> const&)
  0.00      0.00     0.00        1     0.00     0.00  void std::vector<int, std::allocator<int> >::_M_range_initialize<int const*>(int const*, int const*, std::forward_iterator_tag)
  0.00      0.00     0.00        1     0.00     0.00  std::vector<int, std::allocator<int> >::vector(std::initializer_list<int>, std::allocator<int> const&)
  0.00      0.00     0.00        1     0.00     0.00  std::vector<int, std::allocator<int> >::vector(std::vector<int, std::allocator<int> >&&)
  0.00      0.00     0.00        1     0.00     0.00  std::iterator_traits<int const*>::difference_type std::__distance<int const*>(int const*, int const*, std::random_access_iterator_tag)
  0.00      0.00     0.00        1     0.00     0.00  int* std::__niter_base<int*>(int*)
  0.00      0.00     0.00        1     0.00     0.00  int* std::__niter_wrap<int*>(int* const&, int*)
  0.00      0.00     0.00        1     0.00     0.00  int* std::__copy_move_a<false, int const*, int*>(int const*, int const*, int*)
  0.00      0.00     0.00        1     0.00     0.00  int* std::__copy_move_a1<false, int const*, int*>(int const*, int const*, int*)
  0.00      0.00     0.00        1     0.00     0.00  int* std::__copy_move_a2<false, int const*, int*>(int const*, int const*, int*)
  0.00      0.00     0.00        1     0.00     0.00  int* std::uninitialized_copy<int const*, int*>(int const*, int const*, int*)
  0.00      0.00     0.00        1     0.00     0.00  std::iterator_traits<int const*>::iterator_category std::__iterator_category<int const*>(int const* const&)
  0.00      0.00     0.00        1     0.00     0.00  int* std::__uninitialized_copy_a<int const*, int*, int>(int const*, int const*, int*, std::allocator<int>&)
  0.00      0.00     0.00        1     0.00     0.00  unsigned long const& std::min<unsigned long>(unsigned long const&, unsigned long const&)
  0.00      0.00     0.00        1     0.00     0.00  int* std::copy<int const*, int*>(int const*, int const*, int*)
  0.00      0.00     0.00        1     0.00     0.00  std::iterator_traits<int const*>::difference_type std::distance<int const*>(int const*, int const*)

			Call graph


granularity: each sample hit covers 4 byte(s) no time propagated

index % time    self  children    called     name
                0.00    0.00       4/4           std::allocator<int>::~allocator() [9]
[8]      0.0    0.00    0.00       4         __gnu_cxx::new_allocator<int>::~new_allocator() [8]
-----------------------------------------------
                0.00    0.00       1/4           factorialRecursiveAlgorithm(long) [27]
                0.00    0.00       1/4           std::vector<int, std::allocator<int> >::_S_check_init_len(unsigned long, std::allocator<int> const&) [50]
                0.00    0.00       2/4           std::_Vector_base<int, std::allocator<int> >::_Vector_impl::~_Vector_impl() [18]
[9]      0.0    0.00    0.00       4         std::allocator<int>::~allocator() [9]
                0.00    0.00       4/4           __gnu_cxx::new_allocator<int>::~new_allocator() [8]
-----------------------------------------------
                0.00    0.00       2/4           std::vector<int, std::allocator<int> >::~vector() [21]
                0.00    0.00       2/4           void std::vector<int, std::allocator<int> >::_M_range_initialize<int const*>(int const*, int const*, std::forward_iterator_tag) [51]
[10]     0.0    0.00    0.00       4         std::_Vector_base<int, std::allocator<int> >::_M_get_Tp_allocator() [10]
-----------------------------------------------
                0.00    0.00       3/3           std::allocator<int>::allocator(std::allocator<int> const&) [13]
[11]     0.0    0.00    0.00       3         __gnu_cxx::new_allocator<int>::new_allocator(__gnu_cxx::new_allocator<int> const&) [11]
-----------------------------------------------
                0.00    0.00       1/3           main [6]
                0.00    0.00       2/3           multiply(long, std::vector<int, std::allocator<int> >) [29]
[12]     0.0    0.00    0.00       3         std::vector<int, std::allocator<int> >::size() const [12]
-----------------------------------------------
                0.00    0.00       1/3           std::_Vector_base<int, std::allocator<int> >::_Vector_impl::_Vector_impl(std::_Vector_base<int, std::allocator<int> >::_Vector_impl&&) [39]
                0.00    0.00       1/3           std::_Vector_base<int, std::allocator<int> >::_Vector_impl::_Vector_impl(std::allocator<int> const&) [40]
                0.00    0.00       1/3           std::vector<int, std::allocator<int> >::_S_check_init_len(unsigned long, std::allocator<int> const&) [50]
[13]     0.0    0.00    0.00       3         std::allocator<int>::allocator(std::allocator<int> const&) [13]
                0.00    0.00       3/3           __gnu_cxx::new_allocator<int>::new_allocator(__gnu_cxx::new_allocator<int> const&) [11]
-----------------------------------------------
                0.00    0.00       1/3           main [6]
                0.00    0.00       2/3           multiply(long, std::vector<int, std::allocator<int> >) [29]
[14]     0.0    0.00    0.00       3         std::vector<int, std::allocator<int> >::operator[](unsigned long) [14]
-----------------------------------------------
                0.00    0.00       1/2           __gnu_cxx::new_allocator<int>::allocate(unsigned long, void const*) [31]
                0.00    0.00       1/2           __gnu_cxx::new_allocator<int>::max_size() const [33]
[15]     0.0    0.00    0.00       2         __gnu_cxx::new_allocator<int>::_M_max_size() const [15]
-----------------------------------------------
                0.00    0.00       1/2           std::vector<int, std::allocator<int> >::vector(std::initializer_list<int>, std::allocator<int> const&) [52]
                0.00    0.00       1/2           std::initializer_list<int>::end() const [34]
[16]     0.0    0.00    0.00       2         std::initializer_list<int>::begin() const [16]
-----------------------------------------------
                0.00    0.00       2/2           void std::_Destroy<int*>(int*, int*) [25]
[17]     0.0    0.00    0.00       2         void std::_Destroy_aux<true>::__destroy<int*>(int*, int*) [17]
-----------------------------------------------
                0.00    0.00       2/2           std::_Vector_base<int, std::allocator<int> >::~_Vector_base() [20]
[18]     0.0    0.00    0.00       2         std::_Vector_base<int, std::allocator<int> >::_Vector_impl::~_Vector_impl() [18]
                0.00    0.00       2/4           std::allocator<int>::~allocator() [9]
-----------------------------------------------
                0.00    0.00       2/2           std::_Vector_base<int, std::allocator<int> >::~_Vector_base() [20]
[19]     0.0    0.00    0.00       2         std::_Vector_base<int, std::allocator<int> >::_M_deallocate(int*, unsigned long) [19]
                0.00    0.00       1/1           std::allocator_traits<std::allocator<int> >::deallocate(std::allocator<int>&, int*, unsigned long) [45]
-----------------------------------------------
                0.00    0.00       2/2           std::vector<int, std::allocator<int> >::~vector() [21]
[20]     0.0    0.00    0.00       2         std::_Vector_base<int, std::allocator<int> >::~_Vector_base() [20]
                0.00    0.00       2/2           std::_Vector_base<int, std::allocator<int> >::_M_deallocate(int*, unsigned long) [19]
                0.00    0.00       2/2           std::_Vector_base<int, std::allocator<int> >::_Vector_impl::~_Vector_impl() [18]
-----------------------------------------------
                0.00    0.00       1/2           factorialRecursiveAlgorithm(long) [27]
                0.00    0.00       1/2           main [6]
[21]     0.0    0.00    0.00       2         std::vector<int, std::allocator<int> >::~vector() [21]
                0.00    0.00       2/4           std::_Vector_base<int, std::allocator<int> >::_M_get_Tp_allocator() [10]
                0.00    0.00       2/2           void std::_Destroy<int*, int>(int*, int*, std::allocator<int>&) [26]
                0.00    0.00       2/2           std::_Vector_base<int, std::allocator<int> >::~_Vector_base() [20]
-----------------------------------------------
                0.00    0.00       2/2           int* std::copy<int const*, int*>(int const*, int const*, int*) [64]
[22]     0.0    0.00    0.00       2         int const* std::__miter_base<int const*>(int const*) [22]
-----------------------------------------------
                0.00    0.00       2/2           int* std::__copy_move_a<false, int const*, int*>(int const*, int const*, int*) [57]
[23]     0.0    0.00    0.00       2         int const* std::__niter_base<int const*>(int const*) [23]
-----------------------------------------------
                0.00    0.00       2/2           std::_Vector_base<int, std::allocator<int> >::_Vector_impl::_Vector_impl(std::_Vector_base<int, std::allocator<int> >::_Vector_impl&&) [39]
[24]     0.0    0.00    0.00       2         std::remove_reference<std::_Vector_base<int, std::allocator<int> >::_Vector_impl&>::type&& std::move<std::_Vector_base<int, std::allocator<int> >::_Vector_impl&>(std::_Vector_base<int, std::allocator<int> >::_Vector_impl&) [24]
-----------------------------------------------
                0.00    0.00       2/2           void std::_Destroy<int*, int>(int*, int*, std::allocator<int>&) [26]
[25]     0.0    0.00    0.00       2         void std::_Destroy<int*>(int*, int*) [25]
                0.00    0.00       2/2           void std::_Destroy_aux<true>::__destroy<int*>(int*, int*) [17]
-----------------------------------------------
                0.00    0.00       2/2           std::vector<int, std::allocator<int> >::~vector() [21]
[26]     0.0    0.00    0.00       2         void std::_Destroy<int*, int>(int*, int*, std::allocator<int>&) [26]
                0.00    0.00       2/2           void std::_Destroy<int*>(int*, int*) [25]
-----------------------------------------------
                0.00    0.00       1/1           main [6]
[27]     0.0    0.00    0.00       1         factorialRecursiveAlgorithm(long) [27]
                0.00    0.00       1/1           std::allocator<int>::allocator() [36]
                0.00    0.00       1/1           std::vector<int, std::allocator<int> >::vector(std::initializer_list<int>, std::allocator<int> const&) [52]
                0.00    0.00       1/1           multiply(long, std::vector<int, std::allocator<int> >) [29]
                0.00    0.00       1/2           std::vector<int, std::allocator<int> >::~vector() [21]
                0.00    0.00       1/4           std::allocator<int>::~allocator() [9]
-----------------------------------------------
                0.00    0.00       1/1           _GLOBAL__sub_I__Z8multiplylSt6vectorIiSaIiEE [66]
[28]     0.0    0.00    0.00       1         __static_initialization_and_destruction_0(int, int) [28]
-----------------------------------------------
                0.00    0.00       1/1           factorialRecursiveAlgorithm(long) [27]
[29]     0.0    0.00    0.00       1         multiply(long, std::vector<int, std::allocator<int> >) [29]
                0.00    0.00       2/3           std::vector<int, std::allocator<int> >::operator[](unsigned long) [14]
                0.00    0.00       2/3           std::vector<int, std::allocator<int> >::size() const [12]
                0.00    0.00       1/1           std::vector<int, std::allocator<int> >::vector(std::vector<int, std::allocator<int> >&&) [53]
-----------------------------------------------
                0.00    0.00       1/1           std::allocator_traits<std::allocator<int> >::deallocate(std::allocator<int>&, int*, unsigned long) [45]
[30]     0.0    0.00    0.00       1         __gnu_cxx::new_allocator<int>::deallocate(int*, unsigned long) [30]
-----------------------------------------------
                0.00    0.00       1/1           std::allocator_traits<std::allocator<int> >::allocate(std::allocator<int>&, unsigned long) [46]
[31]     0.0    0.00    0.00       1         __gnu_cxx::new_allocator<int>::allocate(unsigned long, void const*) [31]
                0.00    0.00       1/2           __gnu_cxx::new_allocator<int>::_M_max_size() const [15]
-----------------------------------------------
                0.00    0.00       1/1           std::allocator<int>::allocator() [36]
[32]     0.0    0.00    0.00       1         __gnu_cxx::new_allocator<int>::new_allocator() [32]
-----------------------------------------------
                0.00    0.00       1/1           std::allocator_traits<std::allocator<int> >::max_size(std::allocator<int> const&) [47]
[33]     0.0    0.00    0.00       1         __gnu_cxx::new_allocator<int>::max_size() const [33]
                0.00    0.00       1/2           __gnu_cxx::new_allocator<int>::_M_max_size() const [15]
-----------------------------------------------
                0.00    0.00       1/1           std::vector<int, std::allocator<int> >::vector(std::initializer_list<int>, std::allocator<int> const&) [52]
[34]     0.0    0.00    0.00       1         std::initializer_list<int>::end() const [34]
                0.00    0.00       1/2           std::initializer_list<int>::begin() const [16]
                0.00    0.00       1/1           std::initializer_list<int>::size() const [35]
-----------------------------------------------
                0.00    0.00       1/1           std::initializer_list<int>::end() const [34]
[35]     0.0    0.00    0.00       1         std::initializer_list<int>::size() const [35]
-----------------------------------------------
                0.00    0.00       1/1           factorialRecursiveAlgorithm(long) [27]
[36]     0.0    0.00    0.00       1         std::allocator<int>::allocator() [36]
                0.00    0.00       1/1           __gnu_cxx::new_allocator<int>::new_allocator() [32]
-----------------------------------------------
                0.00    0.00       1/1           int* std::__copy_move_a2<false, int const*, int*>(int const*, int const*, int*) [59]
[37]     0.0    0.00    0.00       1         int* std::__copy_move<false, true, std::random_access_iterator_tag>::__copy_m<int>(int const*, int const*, int*) [37]
-----------------------------------------------
                0.00    0.00       1/1           void std::vector<int, std::allocator<int> >::_M_range_initialize<int const*>(int const*, int const*, std::forward_iterator_tag) [51]
[38]     0.0    0.00    0.00       1         std::_Vector_base<int, std::allocator<int> >::_M_allocate(unsigned long) [38]
                0.00    0.00       1/1           std::allocator_traits<std::allocator<int> >::allocate(std::allocator<int>&, unsigned long) [46]
-----------------------------------------------
                0.00    0.00       1/1           std::_Vector_base<int, std::allocator<int> >::_Vector_base(std::_Vector_base<int, std::allocator<int> >&&) [43]
[39]     0.0    0.00    0.00       1         std::_Vector_base<int, std::allocator<int> >::_Vector_impl::_Vector_impl(std::_Vector_base<int, std::allocator<int> >::_Vector_impl&&) [39]
                0.00    0.00       2/2           std::remove_reference<std::_Vector_base<int, std::allocator<int> >::_Vector_impl&>::type&& std::move<std::_Vector_base<int, std::allocator<int> >::_Vector_impl&>(std::_Vector_base<int, std::allocator<int> >::_Vector_impl&) [24]
                0.00    0.00       1/3           std::allocator<int>::allocator(std::allocator<int> const&) [13]
                0.00    0.00       1/1           std::_Vector_base<int, std::allocator<int> >::_Vector_impl_data::_Vector_impl_data(std::_Vector_base<int, std::allocator<int> >::_Vector_impl_data&&) [41]
-----------------------------------------------
                0.00    0.00       1/1           std::_Vector_base<int, std::allocator<int> >::_Vector_base(std::allocator<int> const&) [44]
[40]     0.0    0.00    0.00       1         std::_Vector_base<int, std::allocator<int> >::_Vector_impl::_Vector_impl(std::allocator<int> const&) [40]
                0.00    0.00       1/1           std::_Vector_base<int, std::allocator<int> >::_Vector_impl_data::_Vector_impl_data() [42]
                0.00    0.00       1/3           std::allocator<int>::allocator(std::allocator<int> const&) [13]
-----------------------------------------------
                0.00    0.00       1/1           std::_Vector_base<int, std::allocator<int> >::_Vector_impl::_Vector_impl(std::_Vector_base<int, std::allocator<int> >::_Vector_impl&&) [39]
[41]     0.0    0.00    0.00       1         std::_Vector_base<int, std::allocator<int> >::_Vector_impl_data::_Vector_impl_data(std::_Vector_base<int, std::allocator<int> >::_Vector_impl_data&&) [41]
-----------------------------------------------
                0.00    0.00       1/1           std::_Vector_base<int, std::allocator<int> >::_Vector_impl::_Vector_impl(std::allocator<int> const&) [40]
[42]     0.0    0.00    0.00       1         std::_Vector_base<int, std::allocator<int> >::_Vector_impl_data::_Vector_impl_data() [42]
-----------------------------------------------
                0.00    0.00       1/1           std::vector<int, std::allocator<int> >::vector(std::vector<int, std::allocator<int> >&&) [53]
[43]     0.0    0.00    0.00       1         std::_Vector_base<int, std::allocator<int> >::_Vector_base(std::_Vector_base<int, std::allocator<int> >&&) [43]
                0.00    0.00       1/1           std::_Vector_base<int, std::allocator<int> >::_Vector_impl::_Vector_impl(std::_Vector_base<int, std::allocator<int> >::_Vector_impl&&) [39]
-----------------------------------------------
                0.00    0.00       1/1           std::vector<int, std::allocator<int> >::vector(std::initializer_list<int>, std::allocator<int> const&) [52]
[44]     0.0    0.00    0.00       1         std::_Vector_base<int, std::allocator<int> >::_Vector_base(std::allocator<int> const&) [44]
                0.00    0.00       1/1           std::_Vector_base<int, std::allocator<int> >::_Vector_impl::_Vector_impl(std::allocator<int> const&) [40]
-----------------------------------------------
                0.00    0.00       1/1           std::_Vector_base<int, std::allocator<int> >::_M_deallocate(int*, unsigned long) [19]
[45]     0.0    0.00    0.00       1         std::allocator_traits<std::allocator<int> >::deallocate(std::allocator<int>&, int*, unsigned long) [45]
                0.00    0.00       1/1           __gnu_cxx::new_allocator<int>::deallocate(int*, unsigned long) [30]
-----------------------------------------------
                0.00    0.00       1/1           std::_Vector_base<int, std::allocator<int> >::_M_allocate(unsigned long) [38]
[46]     0.0    0.00    0.00       1         std::allocator_traits<std::allocator<int> >::allocate(std::allocator<int>&, unsigned long) [46]
                0.00    0.00       1/1           __gnu_cxx::new_allocator<int>::allocate(unsigned long, void const*) [31]
-----------------------------------------------
                0.00    0.00       1/1           std::vector<int, std::allocator<int> >::_S_max_size(std::allocator<int> const&) [49]
[47]     0.0    0.00    0.00       1         std::allocator_traits<std::allocator<int> >::max_size(std::allocator<int> const&) [47]
                0.00    0.00       1/1           __gnu_cxx::new_allocator<int>::max_size() const [33]
-----------------------------------------------
                0.00    0.00       1/1           int* std::uninitialized_copy<int const*, int*>(int const*, int const*, int*) [60]
[48]     0.0    0.00    0.00       1         int* std::__uninitialized_copy<true>::__uninit_copy<int const*, int*>(int const*, int const*, int*) [48]
                0.00    0.00       1/1           int* std::copy<int const*, int*>(int const*, int const*, int*) [64]
-----------------------------------------------
                0.00    0.00       1/1           std::vector<int, std::allocator<int> >::_S_check_init_len(unsigned long, std::allocator<int> const&) [50]
[49]     0.0    0.00    0.00       1         std::vector<int, std::allocator<int> >::_S_max_size(std::allocator<int> const&) [49]
                0.00    0.00       1/1           std::allocator_traits<std::allocator<int> >::max_size(std::allocator<int> const&) [47]
                0.00    0.00       1/1           unsigned long const& std::min<unsigned long>(unsigned long const&, unsigned long const&) [63]
-----------------------------------------------
                0.00    0.00       1/1           void std::vector<int, std::allocator<int> >::_M_range_initialize<int const*>(int const*, int const*, std::forward_iterator_tag) [51]
[50]     0.0    0.00    0.00       1         std::vector<int, std::allocator<int> >::_S_check_init_len(unsigned long, std::allocator<int> const&) [50]
                0.00    0.00       1/3           std::allocator<int>::allocator(std::allocator<int> const&) [13]
                0.00    0.00       1/1           std::vector<int, std::allocator<int> >::_S_max_size(std::allocator<int> const&) [49]
                0.00    0.00       1/4           std::allocator<int>::~allocator() [9]
-----------------------------------------------
                0.00    0.00       1/1           std::vector<int, std::allocator<int> >::vector(std::initializer_list<int>, std::allocator<int> const&) [52]
[51]     0.0    0.00    0.00       1         void std::vector<int, std::allocator<int> >::_M_range_initialize<int const*>(int const*, int const*, std::forward_iterator_tag) [51]
                0.00    0.00       2/4           std::_Vector_base<int, std::allocator<int> >::_M_get_Tp_allocator() [10]
                0.00    0.00       1/1           std::iterator_traits<int const*>::difference_type std::distance<int const*>(int const*, int const*) [65]
                0.00    0.00       1/1           std::vector<int, std::allocator<int> >::_S_check_init_len(unsigned long, std::allocator<int> const&) [50]
                0.00    0.00       1/1           std::_Vector_base<int, std::allocator<int> >::_M_allocate(unsigned long) [38]
                0.00    0.00       1/1           int* std::__uninitialized_copy_a<int const*, int*, int>(int const*, int const*, int*, std::allocator<int>&) [62]
-----------------------------------------------
                0.00    0.00       1/1           factorialRecursiveAlgorithm(long) [27]
[52]     0.0    0.00    0.00       1         std::vector<int, std::allocator<int> >::vector(std::initializer_list<int>, std::allocator<int> const&) [52]
                0.00    0.00       1/1           std::_Vector_base<int, std::allocator<int> >::_Vector_base(std::allocator<int> const&) [44]
                0.00    0.00       1/1           std::initializer_list<int>::end() const [34]
                0.00    0.00       1/2           std::initializer_list<int>::begin() const [16]
                0.00    0.00       1/1           void std::vector<int, std::allocator<int> >::_M_range_initialize<int const*>(int const*, int const*, std::forward_iterator_tag) [51]
-----------------------------------------------
                0.00    0.00       1/1           multiply(long, std::vector<int, std::allocator<int> >) [29]
[53]     0.0    0.00    0.00       1         std::vector<int, std::allocator<int> >::vector(std::vector<int, std::allocator<int> >&&) [53]
                0.00    0.00       1/1           std::_Vector_base<int, std::allocator<int> >::_Vector_base(std::_Vector_base<int, std::allocator<int> >&&) [43]
-----------------------------------------------
                0.00    0.00       1/1           std::iterator_traits<int const*>::difference_type std::distance<int const*>(int const*, int const*) [65]
[54]     0.0    0.00    0.00       1         std::iterator_traits<int const*>::difference_type std::__distance<int const*>(int const*, int const*, std::random_access_iterator_tag) [54]
-----------------------------------------------
                0.00    0.00       1/1           int* std::__copy_move_a<false, int const*, int*>(int const*, int const*, int*) [57]
[55]     0.0    0.00    0.00       1         int* std::__niter_base<int*>(int*) [55]
-----------------------------------------------
                0.00    0.00       1/1           int* std::__copy_move_a<false, int const*, int*>(int const*, int const*, int*) [57]
[56]     0.0    0.00    0.00       1         int* std::__niter_wrap<int*>(int* const&, int*) [56]
-----------------------------------------------
                0.00    0.00       1/1           int* std::copy<int const*, int*>(int const*, int const*, int*) [64]
[57]     0.0    0.00    0.00       1         int* std::__copy_move_a<false, int const*, int*>(int const*, int const*, int*) [57]
                0.00    0.00       2/2           int const* std::__niter_base<int const*>(int const*) [23]
                0.00    0.00       1/1           int* std::__niter_base<int*>(int*) [55]
                0.00    0.00       1/1           int* std::__copy_move_a1<false, int const*, int*>(int const*, int const*, int*) [58]
                0.00    0.00       1/1           int* std::__niter_wrap<int*>(int* const&, int*) [56]
-----------------------------------------------
                0.00    0.00       1/1           int* std::__copy_move_a<false, int const*, int*>(int const*, int const*, int*) [57]
[58]     0.0    0.00    0.00       1         int* std::__copy_move_a1<false, int const*, int*>(int const*, int const*, int*) [58]
                0.00    0.00       1/1           int* std::__copy_move_a2<false, int const*, int*>(int const*, int const*, int*) [59]
-----------------------------------------------
                0.00    0.00       1/1           int* std::__copy_move_a1<false, int const*, int*>(int const*, int const*, int*) [58]
[59]     0.0    0.00    0.00       1         int* std::__copy_move_a2<false, int const*, int*>(int const*, int const*, int*) [59]
                0.00    0.00       1/1           int* std::__copy_move<false, true, std::random_access_iterator_tag>::__copy_m<int>(int const*, int const*, int*) [37]
-----------------------------------------------
                0.00    0.00       1/1           int* std::__uninitialized_copy_a<int const*, int*, int>(int const*, int const*, int*, std::allocator<int>&) [62]
[60]     0.0    0.00    0.00       1         int* std::uninitialized_copy<int const*, int*>(int const*, int const*, int*) [60]
                0.00    0.00       1/1           int* std::__uninitialized_copy<true>::__uninit_copy<int const*, int*>(int const*, int const*, int*) [48]
-----------------------------------------------
                0.00    0.00       1/1           std::iterator_traits<int const*>::difference_type std::distance<int const*>(int const*, int const*) [65]
[61]     0.0    0.00    0.00       1         std::iterator_traits<int const*>::iterator_category std::__iterator_category<int const*>(int const* const&) [61]
-----------------------------------------------
                0.00    0.00       1/1           void std::vector<int, std::allocator<int> >::_M_range_initialize<int const*>(int const*, int const*, std::forward_iterator_tag) [51]
[62]     0.0    0.00    0.00       1         int* std::__uninitialized_copy_a<int const*, int*, int>(int const*, int const*, int*, std::allocator<int>&) [62]
                0.00    0.00       1/1           int* std::uninitialized_copy<int const*, int*>(int const*, int const*, int*) [60]
-----------------------------------------------
                0.00    0.00       1/1           std::vector<int, std::allocator<int> >::_S_max_size(std::allocator<int> const&) [49]
[63]     0.0    0.00    0.00       1         unsigned long const& std::min<unsigned long>(unsigned long const&, unsigned long const&) [63]
-----------------------------------------------
                0.00    0.00       1/1           int* std::__uninitialized_copy<true>::__uninit_copy<int const*, int*>(int const*, int const*, int*) [48]
[64]     0.0    0.00    0.00       1         int* std::copy<int const*, int*>(int const*, int const*, int*) [64]
                0.00    0.00       2/2           int const* std::__miter_base<int const*>(int const*) [22]
                0.00    0.00       1/1           int* std::__copy_move_a<false, int const*, int*>(int const*, int const*, int*) [57]
-----------------------------------------------
                0.00    0.00       1/1           void std::vector<int, std::allocator<int> >::_M_range_initialize<int const*>(int const*, int const*, std::forward_iterator_tag) [51]
[65]     0.0    0.00    0.00       1         std::iterator_traits<int const*>::difference_type std::distance<int const*>(int const*, int const*) [65]
                0.00    0.00       1/1           std::iterator_traits<int const*>::iterator_category std::__iterator_category<int const*>(int const* const&) [61]
                0.00    0.00       1/1           std::iterator_traits<int const*>::difference_type std::__distance<int const*>(int const*, int const*, std::random_access_iterator_tag) [54]
-----------------------------------------------

Index by function name

  [27] factorialRecursiveAlgorithm(long) [39] std::_Vector_base<int, std::allocator<int> >::_Vector_impl::_Vector_impl(std::_Vector_base<int, std::allocator<int> >::_Vector_impl&&) [14] std::vector<int, std::allocator<int> >::operator[](unsigned long)
  [28] __static_initialization_and_destruction_0(int, int) [40] std::_Vector_base<int, std::allocator<int> >::_Vector_impl::_Vector_impl(std::allocator<int> const&) [54] std::iterator_traits<int const*>::difference_type std::__distance<int const*>(int const*, int const*, std::random_access_iterator_tag)
  [29] multiply(long, std::vector<int, std::allocator<int> >) [18] std::_Vector_base<int, std::allocator<int> >::_Vector_impl::~_Vector_impl() [22] int const* std::__miter_base<int const*>(int const*)
  [30] __gnu_cxx::new_allocator<int>::deallocate(int*, unsigned long) [19] std::_Vector_base<int, std::allocator<int> >::_M_deallocate(int*, unsigned long) [23] int const* std::__niter_base<int const*>(int const*)
  [31] __gnu_cxx::new_allocator<int>::allocate(unsigned long, void const*) [41] std::_Vector_base<int, std::allocator<int> >::_Vector_impl_data::_Vector_impl_data(std::_Vector_base<int, std::allocator<int> >::_Vector_impl_data&&) [55] int* std::__niter_base<int*>(int*)
  [32] __gnu_cxx::new_allocator<int>::new_allocator() [42] std::_Vector_base<int, std::allocator<int> >::_Vector_impl_data::_Vector_impl_data() [56] int* std::__niter_wrap<int*>(int* const&, int*)
  [11] __gnu_cxx::new_allocator<int>::new_allocator(__gnu_cxx::new_allocator<int> const&) [10] std::_Vector_base<int, std::allocator<int> >::_M_get_Tp_allocator() [57] int* std::__copy_move_a<false, int const*, int*>(int const*, int const*, int*)
   [8] __gnu_cxx::new_allocator<int>::~new_allocator() [43] std::_Vector_base<int, std::allocator<int> >::_Vector_base(std::_Vector_base<int, std::allocator<int> >&&) [58] int* std::__copy_move_a1<false, int const*, int*>(int const*, int const*, int*)
  [15] __gnu_cxx::new_allocator<int>::_M_max_size() const [44] std::_Vector_base<int, std::allocator<int> >::_Vector_base(std::allocator<int> const&) [59] int* std::__copy_move_a2<false, int const*, int*>(int const*, int const*, int*)
  [33] __gnu_cxx::new_allocator<int>::max_size() const [20] std::_Vector_base<int, std::allocator<int> >::~_Vector_base() [60] int* std::uninitialized_copy<int const*, int*>(int const*, int const*, int*)
  [34] std::initializer_list<int>::end() const [45] std::allocator_traits<std::allocator<int> >::deallocate(std::allocator<int>&, int*, unsigned long) [61] std::iterator_traits<int const*>::iterator_category std::__iterator_category<int const*>(int const* const&)
  [35] std::initializer_list<int>::size() const [46] std::allocator_traits<std::allocator<int> >::allocate(std::allocator<int>&, unsigned long) [62] int* std::__uninitialized_copy_a<int const*, int*, int>(int const*, int const*, int*, std::allocator<int>&)
  [16] std::initializer_list<int>::begin() const [47] std::allocator_traits<std::allocator<int> >::max_size(std::allocator<int> const&) [63] unsigned long const& std::min<unsigned long>(unsigned long const&, unsigned long const&)
  [12] std::vector<int, std::allocator<int> >::size() const [48] int* std::__uninitialized_copy<true>::__uninit_copy<int const*, int*>(int const*, int const*, int*) [64] int* std::copy<int const*, int*>(int const*, int const*, int*)
  [13] std::allocator<int>::allocator(std::allocator<int> const&) [49] std::vector<int, std::allocator<int> >::_S_max_size(std::allocator<int> const&) [24] std::remove_reference<std::_Vector_base<int, std::allocator<int> >::_Vector_impl&>::type&& std::move<std::_Vector_base<int, std::allocator<int> >::_Vector_impl&>(std::_Vector_base<int, std::allocator<int> >::_Vector_impl&)
  [36] std::allocator<int>::allocator() [50] std::vector<int, std::allocator<int> >::_S_check_init_len(unsigned long, std::allocator<int> const&) [25] void std::_Destroy<int*>(int*, int*)
   [9] std::allocator<int>::~allocator() [51] void std::vector<int, std::allocator<int> >::_M_range_initialize<int const*>(int const*, int const*, std::forward_iterator_tag) [26] void std::_Destroy<int*, int>(int*, int*, std::allocator<int>&)
  [37] int* std::__copy_move<false, true, std::random_access_iterator_tag>::__copy_m<int>(int const*, int const*, int*) [52] std::vector<int, std::allocator<int> >::vector(std::initializer_list<int>, std::allocator<int> const&) [65] std::iterator_traits<int const*>::difference_type std::distance<int const*>(int const*, int const*)
  [17] void std::_Destroy_aux<true>::__destroy<int*>(int*, int*) [53] std::vector<int, std::allocator<int> >::vector(std::vector<int, std::allocator<int> >&&)
  [38] std::_Vector_base<int, std::allocator<int> >::_M_allocate(unsigned long) [21] std::vector<int, std::allocator<int> >::~vector()
